

Started GET "/users/1" for 127.0.0.1 at 2014-12-06 11:15:57 +0800
Connecting to database specified by database.yml

ActionController::RoutingError (No route matches [GET] "/users/1"):
  actionpack (3.2.21) lib/action_dispatch/middleware/debug_exceptions.rb:21:in `call'
  actionpack (3.2.21) lib/action_dispatch/middleware/show_exceptions.rb:56:in `call'
  railties (3.2.21) lib/rails/rack/logger.rb:32:in `call_app'
  railties (3.2.21) lib/rails/rack/logger.rb:16:in `block in call'
  activesupport (3.2.21) lib/active_support/tagged_logging.rb:22:in `tagged'
  railties (3.2.21) lib/rails/rack/logger.rb:16:in `call'
  actionpack (3.2.21) lib/action_dispatch/middleware/request_id.rb:22:in `call'
  rack (1.4.5) lib/rack/methodoverride.rb:21:in `call'
  rack (1.4.5) lib/rack/runtime.rb:17:in `call'
  activesupport (3.2.21) lib/active_support/cache/strategy/local_cache.rb:72:in `call'
  rack (1.4.5) lib/rack/lock.rb:15:in `call'
  actionpack (3.2.21) lib/action_dispatch/middleware/static.rb:83:in `call'
  railties (3.2.21) lib/rails/engine.rb:484:in `call'
  railties (3.2.21) lib/rails/application.rb:231:in `call'
  rack (1.4.5) lib/rack/content_length.rb:14:in `call'
  railties (3.2.21) lib/rails/rack/log_tailer.rb:17:in `call'
  rack (1.4.5) lib/rack/handler/webrick.rb:59:in `service'
  /Users/caicai/.rvm/rubies/ruby-2.0.0-p481/lib/ruby/2.0.0/webrick/httpserver.rb:138:in `service'
  /Users/caicai/.rvm/rubies/ruby-2.0.0-p481/lib/ruby/2.0.0/webrick/httpserver.rb:94:in `run'
  /Users/caicai/.rvm/rubies/ruby-2.0.0-p481/lib/ruby/2.0.0/webrick/server.rb:295:in `block in start_thread'


  Rendered /Users/caicai/.rvm/gems/ruby-2.0.0-p481/gems/actionpack-3.2.21/lib/action_dispatch/middleware/templates/rescues/routing_error.erb within rescues/layout (1.5ms)


Started GET "/users/1" for 127.0.0.1 at 2014-12-06 11:15:57 +0800

ActionController::RoutingError (No route matches [GET] "/users/1"):
  actionpack (3.2.21) lib/action_dispatch/middleware/debug_exceptions.rb:21:in `call'
  actionpack (3.2.21) lib/action_dispatch/middleware/show_exceptions.rb:56:in `call'
  railties (3.2.21) lib/rails/rack/logger.rb:32:in `call_app'
  railties (3.2.21) lib/rails/rack/logger.rb:16:in `block in call'
  activesupport (3.2.21) lib/active_support/tagged_logging.rb:22:in `tagged'
  railties (3.2.21) lib/rails/rack/logger.rb:16:in `call'
  actionpack (3.2.21) lib/action_dispatch/middleware/request_id.rb:22:in `call'
  rack (1.4.5) lib/rack/methodoverride.rb:21:in `call'
  rack (1.4.5) lib/rack/runtime.rb:17:in `call'
  activesupport (3.2.21) lib/active_support/cache/strategy/local_cache.rb:72:in `call'
  rack (1.4.5) lib/rack/lock.rb:15:in `call'
  actionpack (3.2.21) lib/action_dispatch/middleware/static.rb:83:in `call'
  railties (3.2.21) lib/rails/engine.rb:484:in `call'
  railties (3.2.21) lib/rails/application.rb:231:in `call'
  rack (1.4.5) lib/rack/content_length.rb:14:in `call'
  railties (3.2.21) lib/rails/rack/log_tailer.rb:17:in `call'
  rack (1.4.5) lib/rack/handler/webrick.rb:59:in `service'
  /Users/caicai/.rvm/rubies/ruby-2.0.0-p481/lib/ruby/2.0.0/webrick/httpserver.rb:138:in `service'
  /Users/caicai/.rvm/rubies/ruby-2.0.0-p481/lib/ruby/2.0.0/webrick/httpserver.rb:94:in `run'
  /Users/caicai/.rvm/rubies/ruby-2.0.0-p481/lib/ruby/2.0.0/webrick/server.rb:295:in `block in start_thread'


  Rendered /Users/caicai/.rvm/gems/ruby-2.0.0-p481/gems/actionpack-3.2.21/lib/action_dispatch/middleware/templates/rescues/routing_error.erb within rescues/layout (0.5ms)
Connecting to database specified by database.yml
Connecting to database specified by database.yml
Connecting to database specified by database.yml
  [1m[36m (0.1ms)[0m  [1mselect sqlite_version(*)[0m
  [1m[35m (1.1ms)[0m  CREATE TABLE "schema_migrations" ("version" varchar(255) NOT NULL) 
  [1m[36m (0.9ms)[0m  [1mCREATE UNIQUE INDEX "unique_schema_migrations" ON "schema_migrations" ("version")[0m
  [1m[35m (0.1ms)[0m  SELECT "schema_migrations"."version" FROM "schema_migrations" 
Migrating to CreateUsers (20141206031940)
  [1m[36m (0.0ms)[0m  [1mbegin transaction[0m
  [1m[35m (0.4ms)[0m  CREATE TABLE "users" ("id" INTEGER PRIMARY KEY AUTOINCREMENT NOT NULL, "name" varchar(255), "age" integer, "created_at" datetime NOT NULL, "updated_at" datetime NOT NULL) 
  [1m[36m (0.1ms)[0m  [1mINSERT INTO "schema_migrations" ("version") VALUES ('20141206031940')[0m
  [1m[35m (0.8ms)[0m  commit transaction
  [1m[36m (0.1ms)[0m  [1mSELECT "schema_migrations"."version" FROM "schema_migrations" [0m
Connecting to database specified by database.yml


Started GET "/users/1" for 127.0.0.1 at 2014-12-06 11:19:58 +0800
Processing by UsersController#show as HTML
  Parameters: {"id"=>"1"}
  [1m[36mUser Load (0.1ms)[0m  [1mSELECT "users".* FROM "users" WHERE "users"."id" = ? LIMIT 1[0m  [["id", "1"]]
Completed 404 Not Found in 16.5ms

ActiveRecord::RecordNotFound (Couldn't find User with id=1):
  app/controllers/users_controller.rb:16:in `show'


  Rendered /Users/caicai/.rvm/gems/ruby-2.0.0-p481/gems/actionpack-3.2.21/lib/action_dispatch/middleware/templates/rescues/_trace.erb (1.1ms)
  Rendered /Users/caicai/.rvm/gems/ruby-2.0.0-p481/gems/actionpack-3.2.21/lib/action_dispatch/middleware/templates/rescues/_request_and_response.erb (0.9ms)
  Rendered /Users/caicai/.rvm/gems/ruby-2.0.0-p481/gems/actionpack-3.2.21/lib/action_dispatch/middleware/templates/rescues/diagnostics.erb within rescues/layout (10.0ms)


Started GET "/users/1" for 127.0.0.1 at 2014-12-06 11:19:59 +0800
Processing by UsersController#show as HTML
  Parameters: {"id"=>"1"}
  [1m[35mUser Load (0.1ms)[0m  SELECT "users".* FROM "users" WHERE "users"."id" = ? LIMIT 1  [["id", "1"]]
Completed 404 Not Found in 0.8ms

ActiveRecord::RecordNotFound (Couldn't find User with id=1):
  app/controllers/users_controller.rb:16:in `show'


  Rendered /Users/caicai/.rvm/gems/ruby-2.0.0-p481/gems/actionpack-3.2.21/lib/action_dispatch/middleware/templates/rescues/_trace.erb (1.1ms)
  Rendered /Users/caicai/.rvm/gems/ruby-2.0.0-p481/gems/actionpack-3.2.21/lib/action_dispatch/middleware/templates/rescues/_request_and_response.erb (1.0ms)
  Rendered /Users/caicai/.rvm/gems/ruby-2.0.0-p481/gems/actionpack-3.2.21/lib/action_dispatch/middleware/templates/rescues/diagnostics.erb within rescues/layout (7.2ms)


Started GET "/users" for 127.0.0.1 at 2014-12-06 11:20:02 +0800
Processing by UsersController#index as HTML
  [1m[36mUser Load (0.1ms)[0m  [1mSELECT "users".* FROM "users" [0m
  Rendered users/index.html.erb within layouts/application (0.8ms)
Warning. Error encountered while saving cache /Users/caicai/projects/simple_debug/tmp/cache/sass/9bb4ece254731bbc13066317a36dd9cfca95f8d6/scaffolds.css.scssc: can't dump anonymous class #<Class:0x007fb8a54d57a0>

Compiled scaffolds.css  (12ms)  (pid 58996)
Warning. Error encountered while saving cache /Users/caicai/projects/simple_debug/tmp/cache/sass/9bb4ece254731bbc13066317a36dd9cfca95f8d6/users.css.scssc: can't dump anonymous class #<Class:0x007fb8a54d57a0>

Compiled users.css  (2ms)  (pid 58996)
Compiled application.css  (21ms)  (pid 58996)
Compiled jquery.js  (3ms)  (pid 58996)
Compiled jquery_ujs.js  (0ms)  (pid 58996)
Compiled users.js  (75ms)  (pid 58996)
Compiled application.js  (97ms)  (pid 58996)
Completed 200 OK in 202.0ms (Views: 201.0ms | ActiveRecord: 0.1ms)


Started GET "/assets/application.css?body=1" for 127.0.0.1 at 2014-12-06 11:20:02 +0800
Served asset /application.css - 304 Not Modified (4ms)


Started GET "/assets/users.css?body=1" for 127.0.0.1 at 2014-12-06 11:20:02 +0800
Served asset /users.css - 304 Not Modified (1ms)


Started GET "/assets/users.js?body=1" for 127.0.0.1 at 2014-12-06 11:20:02 +0800
Served asset /users.js - 304 Not Modified (1ms)


Started GET "/assets/jquery_ujs.js?body=1" for 127.0.0.1 at 2014-12-06 11:20:02 +0800
Served asset /jquery_ujs.js - 304 Not Modified (1ms)


Started GET "/assets/jquery.js?body=1" for 127.0.0.1 at 2014-12-06 11:20:02 +0800
Served asset /jquery.js - 304 Not Modified (21ms)


Started GET "/assets/scaffolds.css?body=1" for 127.0.0.1 at 2014-12-06 11:20:02 +0800
Served asset /scaffolds.css - 304 Not Modified (2ms)


Started GET "/assets/application.js?body=1" for 127.0.0.1 at 2014-12-06 11:20:02 +0800
Served asset /application.js - 304 Not Modified (5ms)


Started GET "/users/new" for 127.0.0.1 at 2014-12-06 11:20:04 +0800
Processing by UsersController#new as HTML
  Rendered users/_form.html.erb (13.3ms)
  Rendered users/new.html.erb within layouts/application (18.2ms)
Completed 200 OK in 28.5ms (Views: 22.8ms | ActiveRecord: 0.0ms)


Started GET "/assets/application.css?body=1" for 127.0.0.1 at 2014-12-06 11:20:04 +0800
Served asset /application.css - 304 Not Modified (0ms)


Started GET "/assets/jquery.js?body=1" for 127.0.0.1 at 2014-12-06 11:20:04 +0800
Served asset /jquery.js - 304 Not Modified (0ms)


Started GET "/assets/scaffolds.css?body=1" for 127.0.0.1 at 2014-12-06 11:20:04 +0800
Served asset /scaffolds.css - 304 Not Modified (0ms)


Started GET "/assets/users.css?body=1" for 127.0.0.1 at 2014-12-06 11:20:04 +0800
Served asset /users.css - 304 Not Modified (0ms)


Started GET "/assets/jquery_ujs.js?body=1" for 127.0.0.1 at 2014-12-06 11:20:04 +0800
Served asset /jquery_ujs.js - 304 Not Modified (0ms)


Started GET "/assets/users.js?body=1" for 127.0.0.1 at 2014-12-06 11:20:04 +0800
Served asset /users.js - 304 Not Modified (0ms)


Started GET "/assets/application.js?body=1" for 127.0.0.1 at 2014-12-06 11:20:04 +0800
Served asset /application.js - 304 Not Modified (0ms)


Started POST "/users" for 127.0.0.1 at 2014-12-06 11:20:10 +0800
Processing by UsersController#create as HTML
  Parameters: {"utf8"=>"✓", "authenticity_token"=>"DCm2jHf2ZTjOrfaTgHaZe9djvE82B4UK9N1DvqbaKKY=", "user"=>{"name"=>"aaaa", "age"=>"333"}, "commit"=>"Create User"}
  [1m[35m (0.1ms)[0m  begin transaction
  [1m[36mSQL (5.2ms)[0m  [1mINSERT INTO "users" ("age", "created_at", "name", "updated_at") VALUES (?, ?, ?, ?)[0m  [["age", 333], ["created_at", Sat, 06 Dec 2014 03:20:10 UTC +00:00], ["name", "aaaa"], ["updated_at", Sat, 06 Dec 2014 03:20:10 UTC +00:00]]
  [1m[35m (1.4ms)[0m  commit transaction
Redirected to http://localhost:5000/users/1
Completed 302 Found in 12.0ms (ActiveRecord: 6.7ms)


Started GET "/users/1" for 127.0.0.1 at 2014-12-06 11:20:10 +0800
Processing by UsersController#show as HTML
  Parameters: {"id"=>"1"}
  [1m[36mUser Load (0.2ms)[0m  [1mSELECT "users".* FROM "users" WHERE "users"."id" = ? LIMIT 1[0m  [["id", "1"]]
  Rendered users/show.html.erb within layouts/application (1.1ms)
Completed 200 OK in 8.8ms (Views: 6.7ms | ActiveRecord: 0.2ms)


Started GET "/assets/application.css?body=1" for 127.0.0.1 at 2014-12-06 11:20:10 +0800
Served asset /application.css - 304 Not Modified (0ms)


Started GET "/assets/scaffolds.css?body=1" for 127.0.0.1 at 2014-12-06 11:20:10 +0800
Served asset /scaffolds.css - 304 Not Modified (0ms)


Started GET "/assets/jquery.js?body=1" for 127.0.0.1 at 2014-12-06 11:20:10 +0800
Served asset /jquery.js - 304 Not Modified (0ms)


Started GET "/assets/users.js?body=1" for 127.0.0.1 at 2014-12-06 11:20:10 +0800
Served asset /users.js - 304 Not Modified (0ms)


Started GET "/assets/users.css?body=1" for 127.0.0.1 at 2014-12-06 11:20:10 +0800
Served asset /users.css - 304 Not Modified (0ms)


Started GET "/assets/jquery_ujs.js?body=1" for 127.0.0.1 at 2014-12-06 11:20:10 +0800
Served asset /jquery_ujs.js - 304 Not Modified (0ms)


Started GET "/assets/application.js?body=1" for 127.0.0.1 at 2014-12-06 11:20:10 +0800
Served asset /application.js - 304 Not Modified (0ms)
Connecting to database specified by database.yml


Started GET "/users" for 127.0.0.1 at 2014-12-13 09:25:07 +0800
Processing by UsersController#index as HTML
  [1m[36mUser Load (0.7ms)[0m  [1mSELECT "users".* FROM "users" [0m
  Rendered users/index.html.erb within layouts/application (11.0ms)
Completed 200 OK in 152.2ms (Views: 107.0ms | ActiveRecord: 3.3ms)


Started GET "/assets/application.css?body=1" for 127.0.0.1 at 2014-12-13 09:25:07 +0800
Served asset /application.css - 200 OK (9ms)


Started GET "/assets/scaffolds.css?body=1" for 127.0.0.1 at 2014-12-13 09:25:07 +0800
Served asset /scaffolds.css - 200 OK (1ms)


Started GET "/assets/users.css?body=1" for 127.0.0.1 at 2014-12-13 09:25:07 +0800
Served asset /users.css - 200 OK (1ms)


Started GET "/assets/jquery_ujs.js?body=1" for 127.0.0.1 at 2014-12-13 09:25:07 +0800
Served asset /jquery_ujs.js - 200 OK (1ms)


Started GET "/assets/jquery.js?body=1" for 127.0.0.1 at 2014-12-13 09:25:07 +0800
Served asset /jquery.js - 200 OK (2ms)


Started GET "/assets/users.js?body=1" for 127.0.0.1 at 2014-12-13 09:25:07 +0800
Served asset /users.js - 200 OK (1ms)


Started GET "/assets/application.js?body=1" for 127.0.0.1 at 2014-12-13 09:25:07 +0800
Served asset /application.js - 200 OK (47ms)


Started GET "/users/1/edit" for 127.0.0.1 at 2014-12-13 09:25:34 +0800
Processing by UsersController#edit as HTML
  Parameters: {"id"=>"1"}
  [1m[35mUser Load (0.2ms)[0m  SELECT "users".* FROM "users" WHERE "users"."id" = ? LIMIT 1  [["id", "1"]]
  Rendered users/_form.html.erb (15.4ms)
  Rendered users/edit.html.erb within layouts/application (21.1ms)
Completed 200 OK in 27.5ms (Views: 25.9ms | ActiveRecord: 0.2ms)


Started PUT "/users/1" for 127.0.0.1 at 2014-12-13 09:25:38 +0800
Processing by UsersController#update as HTML
  Parameters: {"utf8"=>"✓", "authenticity_token"=>"938H2adf2stZXAnsUu8Ys5qgh7cY5rP6iFDoQXokhkM=", "user"=>{"name"=>"aaaa", "age"=>"333222"}, "commit"=>"Update User", "id"=>"1"}
  [1m[36mUser Load (0.2ms)[0m  [1mSELECT "users".* FROM "users" WHERE "users"."id" = ? LIMIT 1[0m  [["id", "1"]]
  [1m[35m (0.1ms)[0m  begin transaction
  [1m[36m (0.4ms)[0m  [1mUPDATE "users" SET "age" = 333222, "updated_at" = '2014-12-13 01:25:38.842069' WHERE "users"."id" = 1[0m
  [1m[35m (0.6ms)[0m  commit transaction
Redirected to http://localhost:4000/users/1
Completed 302 Found in 12.8ms (ActiveRecord: 1.3ms)


Started GET "/users/1" for 127.0.0.1 at 2014-12-13 09:25:38 +0800
Processing by UsersController#show as HTML
  Parameters: {"id"=>"1"}
  [1m[36mUser Load (0.1ms)[0m  [1mSELECT "users".* FROM "users" WHERE "users"."id" = ? LIMIT 1[0m  [["id", "1"]]
  Rendered users/show.html.erb within layouts/application (2.1ms)
Completed 200 OK in 7.8ms (Views: 6.5ms | ActiveRecord: 0.1ms)


Started GET "/users" for 127.0.0.1 at 2014-12-13 09:27:29 +0800
Processing by UsersController#index as HTML
  [1m[35mUser Load (0.6ms)[0m  SELECT "users".* FROM "users" 
  Rendered users/index.html.erb within layouts/application (3.2ms)
Completed 200 OK in 20.0ms (Views: 10.7ms | ActiveRecord: 0.6ms)


Started DELETE "/users/1" for 127.0.0.1 at 2014-12-13 09:27:31 +0800
Processing by UsersController#destroy as HTML
  Parameters: {"authenticity_token"=>"938H2adf2stZXAnsUu8Ys5qgh7cY5rP6iFDoQXokhkM=", "id"=>"1"}
  [1m[36mUser Load (0.3ms)[0m  [1mSELECT "users".* FROM "users" WHERE "users"."id" = ? LIMIT 1[0m  [["id", "1"]]
  [1m[35m (0.1ms)[0m  begin transaction
  [1m[36mSQL (0.4ms)[0m  [1mDELETE FROM "users" WHERE "users"."id" = ?[0m  [["id", 1]]
  [1m[35m (0.8ms)[0m  commit transaction
Redirected to http://localhost:4000/users
Completed 302 Found in 7.1ms (ActiveRecord: 1.7ms)


Started GET "/users" for 127.0.0.1 at 2014-12-13 09:27:31 +0800
Processing by UsersController#index as HTML
  [1m[36mUser Load (0.1ms)[0m  [1mSELECT "users".* FROM "users" [0m
  Rendered users/index.html.erb within layouts/application (0.3ms)
Completed 200 OK in 5.1ms (Views: 4.2ms | ActiveRecord: 0.1ms)
Connecting to database specified by database.yml
Connecting to database specified by database.yml
Connecting to database specified by database.yml


Started GET "/users" for 127.0.0.1 at 2014-12-13 09:45:34 +0800
Processing by UsersController#index as HTML
  [1m[36mUser Load (0.5ms)[0m  [1mSELECT "users".* FROM "users" [0m
  Rendered users/index.html.erb within layouts/application (2.5ms)
Completed 200 OK in 83.5ms (Views: 32.6ms | ActiveRecord: 2.0ms)


Started GET "/users/new" for 127.0.0.1 at 2014-12-13 09:45:46 +0800
Processing by UsersController#new as HTML
  Rendered users/_form.html.erb (14.0ms)
  Rendered users/new.html.erb within layouts/application (18.7ms)
Completed 200 OK in 27.8ms (Views: 23.7ms | ActiveRecord: 0.0ms)


Started POST "/users" for 127.0.0.1 at 2014-12-13 09:45:52 +0800
Processing by UsersController#create as HTML
  Parameters: {"utf8"=>"✓", "authenticity_token"=>"938H2adf2stZXAnsUu8Ys5qgh7cY5rP6iFDoQXokhkM=", "user"=>{"name"=>"aaaa", "age"=>"1"}, "commit"=>"Create User"}
  [1m[35m (0.1ms)[0m  begin transaction
  [1m[36mSQL (7.6ms)[0m  [1mINSERT INTO "users" ("age", "created_at", "name", "updated_at") VALUES (?, ?, ?, ?)[0m  [["age", 1], ["created_at", Sat, 13 Dec 2014 01:45:52 UTC +00:00], ["name", "aaaa"], ["updated_at", Sat, 13 Dec 2014 01:45:52 UTC +00:00]]
  [1m[35m (1.0ms)[0m  commit transaction
Redirected to http://localhost:5000/users/2
Completed 302 Found in 15.9ms (ActiveRecord: 8.7ms)


Started GET "/users/2" for 127.0.0.1 at 2014-12-13 09:45:52 +0800
Processing by UsersController#show as HTML
  Parameters: {"id"=>"2"}
  [1m[36mUser Load (0.2ms)[0m  [1mSELECT "users".* FROM "users" WHERE "users"."id" = ? LIMIT 1[0m  [["id", "2"]]
  Rendered users/show.html.erb within layouts/application (1.4ms)
Completed 200 OK in 8.8ms (Views: 6.7ms | ActiveRecord: 0.2ms)
Connecting to database specified by database.yml
Connecting to database specified by database.yml
Connecting to database specified by database.yml


Started GET "/users/new" for 127.0.0.1 at 2014-12-13 11:01:27 +0800
Processing by UsersController#new as HTML
  Rendered users/_form.html.erb (10.2ms)
  Rendered users/new.html.erb within layouts/application (45.6ms)
Completed 200 OK in 120.3ms (Views: 77.3ms | ActiveRecord: 5.5ms)


Started POST "/users" for 127.0.0.1 at 2014-12-13 11:01:42 +0800
Processing by UsersController#create as HTML
  Parameters: {"utf8"=>"✓", "authenticity_token"=>"938H2adf2stZXAnsUu8Ys5qgh7cY5rP6iFDoQXokhkM=", "user"=>{"name"=>"aaaa", "age"=>"222"}, "commit"=>"Create User"}
  [1m[36m (0.1ms)[0m  [1mbegin transaction[0m
  [1m[36m (0.1ms)[0m  [1mbegin transaction[0m
  [1m[35mSQL (8.6ms)[0m  INSERT INTO "users" ("age", "created_at", "name", "updated_at") VALUES (?, ?, ?, ?)  [["age", 222], ["created_at", Sat, 13 Dec 2014 03:01:42 UTC +00:00], ["name", "aaaa"], ["updated_at", Sat, 13 Dec 2014 03:01:42 UTC +00:00]]
  [1m[35mSQL (8.6ms)[0m  INSERT INTO "users" ("age", "created_at", "name", "updated_at") VALUES (?, ?, ?, ?)  [["age", 222], ["created_at", Sat, 13 Dec 2014 03:01:42 UTC +00:00], ["name", "aaaa"], ["updated_at", Sat, 13 Dec 2014 03:01:42 UTC +00:00]]
  [1m[36m (1.9ms)[0m  [1mcommit transaction[0m
  [1m[36m (1.9ms)[0m  [1mcommit transaction[0m
Redirected to http://localhost:5000/users/3
Completed 302 Found in 19.2ms (ActiveRecord: 21.1ms)


Started GET "/users/3" for 127.0.0.1 at 2014-12-13 11:01:42 +0800
Processing by UsersController#show as HTML
  Parameters: {"id"=>"3"}
  [1m[35mUser Load (0.2ms)[0m  SELECT "users".* FROM "users" WHERE "users"."id" = ? LIMIT 1  [["id", "3"]]
  [1m[35mUser Load (0.2ms)[0m  SELECT "users".* FROM "users" WHERE "users"."id" = ? LIMIT 1  [["id", "3"]]
  Rendered users/show.html.erb within layouts/application (2.0ms)
Completed 200 OK in 12.0ms (Views: 9.1ms | ActiveRecord: 0.4ms)
Connecting to database specified by database.yml


Started GET "/users/3" for 127.0.0.1 at 2014-12-13 11:02:12 +0800
Processing by UsersController#show as HTML
  Parameters: {"id"=>"3"}
  [1m[36mUser Load (0.2ms)[0m  [1mSELECT "users".* FROM "users" WHERE "users"."id" = ? LIMIT 1[0m  [["id", "3"]]
  [1m[36mUser Load (0.2ms)[0m  [1mSELECT "users".* FROM "users" WHERE "users"."id" = ? LIMIT 1[0m  [["id", "3"]]
  Rendered users/show.html.erb within layouts/application (3.7ms)
Completed 200 OK in 100.5ms (Views: 38.7ms | ActiveRecord: 3.8ms)


Started GET "/users/3/edit" for 127.0.0.1 at 2014-12-13 11:02:23 +0800
Processing by UsersController#edit as HTML
  Parameters: {"id"=>"3"}
  [1m[35mUser Load (0.1ms)[0m  SELECT "users".* FROM "users" WHERE "users"."id" = ? LIMIT 1  [["id", "3"]]
  [1m[35mUser Load (0.1ms)[0m  SELECT "users".* FROM "users" WHERE "users"."id" = ? LIMIT 1  [["id", "3"]]
  Rendered users/_form.html.erb (12.9ms)
  Rendered users/edit.html.erb within layouts/application (18.3ms)
Completed 200 OK in 25.1ms (Views: 23.7ms | ActiveRecord: 0.2ms)


Started PUT "/users/3" for 127.0.0.1 at 2014-12-13 11:02:25 +0800
Processing by UsersController#update as HTML
  Parameters: {"utf8"=>"✓", "authenticity_token"=>"938H2adf2stZXAnsUu8Ys5qgh7cY5rP6iFDoQXokhkM=", "user"=>{"name"=>"aaaa", "age"=>"222"}, "commit"=>"Update User", "id"=>"3"}
  [1m[36mUser Load (0.2ms)[0m  [1mSELECT "users".* FROM "users" WHERE "users"."id" = ? LIMIT 1[0m  [["id", "3"]]
  [1m[36mUser Load (0.2ms)[0m  [1mSELECT "users".* FROM "users" WHERE "users"."id" = ? LIMIT 1[0m  [["id", "3"]]
  [1m[35m (0.1ms)[0m  begin transaction
  [1m[35m (0.1ms)[0m  begin transaction
  [1m[36m (2.1ms)[0m  [1mcommit transaction[0m
  [1m[36m (2.1ms)[0m  [1mcommit transaction[0m
Redirected to http://localhost:5000/users/3
Completed 302 Found in 13.6ms (ActiveRecord: 4.7ms)


Started GET "/users/3" for 127.0.0.1 at 2014-12-13 11:02:25 +0800
Processing by UsersController#show as HTML
  Parameters: {"id"=>"3"}
  [1m[35mUser Load (0.1ms)[0m  SELECT "users".* FROM "users" WHERE "users"."id" = ? LIMIT 1  [["id", "3"]]
  [1m[35mUser Load (0.1ms)[0m  SELECT "users".* FROM "users" WHERE "users"."id" = ? LIMIT 1  [["id", "3"]]
  Rendered users/show.html.erb within layouts/application (0.8ms)
Completed 200 OK in 8.5ms (Views: 6.1ms | ActiveRecord: 0.3ms)


Started GET "/users/3/edit" for 127.0.0.1 at 2014-12-13 11:02:36 +0800
Processing by UsersController#edit as HTML
  Parameters: {"id"=>"3"}
  [1m[36mUser Load (0.1ms)[0m  [1mSELECT "users".* FROM "users" WHERE "users"."id" = ? LIMIT 1[0m  [["id", "3"]]
  [1m[36mUser Load (0.1ms)[0m  [1mSELECT "users".* FROM "users" WHERE "users"."id" = ? LIMIT 1[0m  [["id", "3"]]
  Rendered users/_form.html.erb (4.3ms)
  Rendered users/edit.html.erb within layouts/application (5.9ms)
Completed 200 OK in 13.7ms (Views: 12.7ms | ActiveRecord: 0.2ms)


Started PUT "/users/3" for 127.0.0.1 at 2014-12-13 11:02:41 +0800
Processing by UsersController#update as HTML
  Parameters: {"utf8"=>"✓", "authenticity_token"=>"938H2adf2stZXAnsUu8Ys5qgh7cY5rP6iFDoQXokhkM=", "user"=>{"name"=>"aaaa", "age"=>"22211"}, "commit"=>"Update User", "id"=>"3"}
  [1m[35mUser Load (0.1ms)[0m  SELECT "users".* FROM "users" WHERE "users"."id" = ? LIMIT 1  [["id", "3"]]
  [1m[35mUser Load (0.1ms)[0m  SELECT "users".* FROM "users" WHERE "users"."id" = ? LIMIT 1  [["id", "3"]]
  [1m[36m (0.1ms)[0m  [1mbegin transaction[0m
  [1m[36m (0.1ms)[0m  [1mbegin transaction[0m
  [1m[35m (1.5ms)[0m  UPDATE "users" SET "age" = 22211, "updated_at" = '2014-12-13 03:02:41.143251' WHERE "users"."id" = 3
  [1m[35m (1.5ms)[0m  UPDATE "users" SET "age" = 22211, "updated_at" = '2014-12-13 03:02:41.143251' WHERE "users"."id" = 3
  [1m[36m (0.8ms)[0m  [1mcommit transaction[0m
  [1m[36m (0.8ms)[0m  [1mcommit transaction[0m
Redirected to http://localhost:5000/users/3
Completed 302 Found in 13.9ms (ActiveRecord: 5.0ms)


Started GET "/users/3" for 127.0.0.1 at 2014-12-13 11:02:41 +0800
Processing by UsersController#show as HTML
  Parameters: {"id"=>"3"}
  [1m[35mUser Load (0.1ms)[0m  SELECT "users".* FROM "users" WHERE "users"."id" = ? LIMIT 1  [["id", "3"]]
  [1m[35mUser Load (0.1ms)[0m  SELECT "users".* FROM "users" WHERE "users"."id" = ? LIMIT 1  [["id", "3"]]
  Rendered users/show.html.erb within layouts/application (1.3ms)
Completed 200 OK in 19.2ms (Views: 16.7ms | ActiveRecord: 0.3ms)


Started GET "/users/3/edit" for 127.0.0.1 at 2014-12-13 11:02:47 +0800
Processing by UsersController#edit as HTML
  Parameters: {"id"=>"3"}
  [1m[36mUser Load (0.2ms)[0m  [1mSELECT "users".* FROM "users" WHERE "users"."id" = ? LIMIT 1[0m  [["id", "3"]]
  [1m[36mUser Load (0.2ms)[0m  [1mSELECT "users".* FROM "users" WHERE "users"."id" = ? LIMIT 1[0m  [["id", "3"]]
  Rendered users/_form.html.erb (1.7ms)
  Rendered users/edit.html.erb within layouts/application (2.4ms)
Completed 200 OK in 6.3ms (Views: 5.3ms | ActiveRecord: 0.4ms)


Started PUT "/users/3" for 127.0.0.1 at 2014-12-13 11:02:56 +0800
Processing by UsersController#update as HTML
  Parameters: {"utf8"=>"✓", "authenticity_token"=>"938H2adf2stZXAnsUu8Ys5qgh7cY5rP6iFDoQXokhkM=", "user"=>{"name"=>"aaaa", "age"=>"2221111"}, "commit"=>"Update User", "id"=>"3"}
  [1m[35mUser Load (0.1ms)[0m  SELECT "users".* FROM "users" WHERE "users"."id" = ? LIMIT 1  [["id", "3"]]
  [1m[35mUser Load (0.1ms)[0m  SELECT "users".* FROM "users" WHERE "users"."id" = ? LIMIT 1  [["id", "3"]]
  [1m[36m (0.0ms)[0m  [1mbegin transaction[0m
  [1m[36m (0.0ms)[0m  [1mbegin transaction[0m
  [1m[35m (0.3ms)[0m  UPDATE "users" SET "age" = 2221111, "updated_at" = '2014-12-13 03:02:56.389166' WHERE "users"."id" = 3
  [1m[35m (0.3ms)[0m  UPDATE "users" SET "age" = 2221111, "updated_at" = '2014-12-13 03:02:56.389166' WHERE "users"."id" = 3
  [1m[36m (0.7ms)[0m  [1mcommit transaction[0m
  [1m[36m (0.7ms)[0m  [1mcommit transaction[0m
Redirected to http://localhost:5000/users/3
Completed 302 Found in 3.6ms (ActiveRecord: 2.2ms)


Started GET "/users/3" for 127.0.0.1 at 2014-12-13 11:02:56 +0800
Processing by UsersController#show as HTML
  Parameters: {"id"=>"3"}
  [1m[35mUser Load (0.1ms)[0m  SELECT "users".* FROM "users" WHERE "users"."id" = ? LIMIT 1  [["id", "3"]]
  [1m[35mUser Load (0.1ms)[0m  SELECT "users".* FROM "users" WHERE "users"."id" = ? LIMIT 1  [["id", "3"]]
  Rendered users/show.html.erb within layouts/application (1.2ms)
Completed 200 OK in 5.3ms (Views: 4.5ms | ActiveRecord: 0.2ms)
Connecting to database specified by database.yml


Started GET "/users/3" for 127.0.0.1 at 2014-12-13 11:03:24 +0800
Processing by UsersController#show as HTML
  Parameters: {"id"=>"3"}
  [1m[36mUser Load (0.2ms)[0m  [1mSELECT "users".* FROM "users" WHERE "users"."id" = ? LIMIT 1[0m  [["id", "3"]]
  Rendered users/show.html.erb within layouts/application (3.3ms)
Completed 200 OK in 103.1ms (Views: 36.6ms | ActiveRecord: 1.7ms)
Connecting to database specified by database.yml


Started GET "/users/3" for 127.0.0.1 at 2014-12-13 11:04:55 +0800
Processing by UsersController#show as HTML
  Parameters: {"id"=>"3"}
  [1m[36mUser Load (0.2ms)[0m  [1mSELECT "users".* FROM "users" WHERE "users"."id" = ? LIMIT 1[0m  [["id", "3"]]
  Rendered users/show.html.erb within layouts/application (2.1ms)
Completed 200 OK in 75.3ms (Views: 28.8ms | ActiveRecord: 1.5ms)


Started GET "/users/3" for 127.0.0.1 at 2014-12-13 11:05:24 +0800
Processing by UsersController#show as HTML
  Parameters: {"id"=>"3"}
  [1m[35mUser Load (0.1ms)[0m  SELECT "users".* FROM "users" WHERE "users"."id" = ? LIMIT 1  [["id", "3"]]
  Rendered users/show.html.erb within layouts/application (0.5ms)
Completed 200 OK in 5.1ms (Views: 4.2ms | ActiveRecord: 0.1ms)
Connecting to database specified by database.yml


Started GET "/users/3" for 127.0.0.1 at 2014-12-13 11:05:37 +0800
Processing by UsersController#show as HTML
  Parameters: {"id"=>"3"}
  [1m[36mUser Load (0.2ms)[0m  [1mSELECT "users".* FROM "users" WHERE "users"."id" = ? LIMIT 1[0m  [["id", "3"]]
  Rendered users/show.html.erb within layouts/application (2.1ms)
Completed 200 OK in 71.8ms (Views: 28.8ms | ActiveRecord: 1.8ms)
Connecting to database specified by database.yml


Started GET "/users/3" for 127.0.0.1 at 2014-12-13 11:07:38 +0800
Processing by UsersController#show as HTML
  Parameters: {"id"=>"3"}
  [1m[36mUser Load (0.3ms)[0m  [1mSELECT "users".* FROM "users" WHERE "users"."id" = ? LIMIT 1[0m  [["id", "3"]]
  [1m[36mUser Load (0.3ms)[0m  [1mSELECT "users".* FROM "users" WHERE "users"."id" = ? LIMIT 1[0m  [["id", "3"]]
  Rendered users/show.html.erb within layouts/application (1.8ms)
Completed 200 OK in 75.0ms (Views: 29.5ms | ActiveRecord: 3.8ms)
Connecting to database specified by database.yml


Started GET "/users/3" for 127.0.0.1 at 2014-12-13 11:08:30 +0800
Processing by UsersController#show as HTML
  Parameters: {"id"=>"3"}
  [1m[36mUser Load (0.2ms)[0m  [1mSELECT "users".* FROM "users" WHERE "users"."id" = ? LIMIT 1[0m  [["id", "3"]]
  Rendered users/show.html.erb within layouts/application (2.1ms)
Completed 200 OK in 73.5ms (Views: 51.9ms | ActiveRecord: 1.4ms)
Connecting to database specified by database.yml


Started GET "/users/3" for 127.0.0.1 at 2014-12-13 11:08:57 +0800
Processing by UsersController#show as HTML
  Parameters: {"id"=>"3"}
  [1m[36mUser Load (0.2ms)[0m  [1mSELECT "users".* FROM "users" WHERE "users"."id" = ? LIMIT 1[0m  [["id", "3"]]
  Rendered users/show.html.erb within layouts/application (2.2ms)
Completed 200 OK in 79.1ms (Views: 56.0ms | ActiveRecord: 1.7ms)
Connecting to database specified by database.yml


Started GET "/users/3" for 127.0.0.1 at 2014-12-13 11:10:17 +0800
Processing by UsersController#show as HTML
  Parameters: {"id"=>"3"}
  [1m[36mUser Load (0.2ms)[0m  [1mSELECT "users".* FROM "users" WHERE "users"."id" = ? LIMIT 1[0m  [["id", "3"]]
  Rendered users/show.html.erb within layouts/application (1.4ms)
Completed 200 OK in 54.9ms (Views: 37.5ms | ActiveRecord: 1.4ms)


Started GET "/users" for 127.0.0.1 at 2014-12-13 11:11:05 +0800
Processing by UsersController#index as HTML
  [1m[35mUser Load (0.2ms)[0m  SELECT "users".* FROM "users" 
  Rendered users/index.html.erb within layouts/application (4.5ms)
Completed 200 OK in 13.0ms (Views: 10.3ms | ActiveRecord: 0.2ms)
Connecting to database specified by database.yml


Started GET "/users" for 127.0.0.1 at 2014-12-13 11:18:14 +0800
Processing by UsersController#index as HTML
  [1m[36mUser Load (0.1ms)[0m  [1mSELECT "users".* FROM "users" [0m
  Rendered users/index.html.erb within layouts/application (3.9ms)
Completed 200 OK in 83.2ms (Views: 59.4ms | ActiveRecord: 1.4ms)
Connecting to database specified by database.yml
Connecting to database specified by database.yml


Started GET "/users" for 127.0.0.1 at 2014-12-13 11:52:41 +0800
Processing by UsersController#index as HTML
  [1m[36mUser Load (0.4ms)[0m  [1mSELECT "users".* FROM "users" [0m
  Rendered users/index.html.erb within layouts/application (4.2ms)
Completed 200 OK in 82.2ms (Views: 60.3ms | ActiveRecord: 1.7ms)


Started GET "/users" for 127.0.0.1 at 2014-12-14 08:31:24 +0800
Processing by UsersController#index as HTML
  [1m[35mUser Load (1.2ms)[0m  SELECT "users".* FROM "users" 
  Rendered users/index.html.erb within layouts/application (10.3ms)
Completed 200 OK in 42.8ms (Views: 25.3ms | ActiveRecord: 1.2ms)


Started GET "/users" for 127.0.0.1 at 2014-12-14 08:31:26 +0800
Processing by UsersController#index as HTML
  [1m[36mUser Load (0.2ms)[0m  [1mSELECT "users".* FROM "users" [0m
  Rendered users/index.html.erb within layouts/application (1.6ms)
Completed 200 OK in 7.1ms (Views: 6.0ms | ActiveRecord: 0.2ms)
Connecting to database specified by database.yml


Started GET "/users" for 127.0.0.1 at 2014-12-14 11:24:21 +0800
Processing by UsersController#index as HTML
xumc:  [1m[36mUser Load (0.3ms)[0m  [1mSELECT "users".* FROM "users" [0m
  Rendered users/index.html.erb within layouts/application (3.9ms)
Completed 200 OK in 82.1ms (Views: 35.8ms | ActiveRecord: 2.0ms)
Connecting to database specified by database.yml
Connecting to database specified by database.yml


Started GET "/users" for 127.0.0.1 at 2014-12-14 12:06:25 +0800
Processing by UsersController#index as HTML
  Rendered users/index.html.erb within layouts/application (4.2ms)
Completed 200 OK in 81.8ms (Views: 60.3ms | ActiveRecord: 0.0ms)
Connecting to database specified by database.yml


Started GET "/users" for 127.0.0.1 at 2014-12-14 12:07:56 +0800
Processing by UsersController#index as HTML
in my sql
in my sql
in my sql
in my sql
  Rendered users/index.html.erb within layouts/application (3.7ms)
Completed 200 OK in 78.7ms (Views: 56.5ms | ActiveRecord: 0.0ms)
Connecting to database specified by database.yml


Started GET "/users" for 127.0.0.1 at 2014-12-14 12:08:20 +0800
Processing by UsersController#index as HTML
in my sql:#<ActiveSupport::Notifications::Event:0x007fbaa9fd3ac0>
in my sql:#<ActiveSupport::Notifications::Event:0x007fbaa9fd02f8>
in my sql:#<ActiveSupport::Notifications::Event:0x007fbaa9fda8c0>
in my sql:#<ActiveSupport::Notifications::Event:0x007fbaa9fe2cc8>
  Rendered users/index.html.erb within layouts/application (3.9ms)
Completed 200 OK in 76.3ms (Views: 53.7ms | ActiveRecord: 0.0ms)
Connecting to database specified by database.yml


Started GET "/users" for 127.0.0.1 at 2014-12-14 12:09:08 +0800
Processing by UsersController#index as HTML
 [1m[36mUser Load (0.3ms)[0m  [1mSELECT "users".* FROM "users" [0m
  Rendered users/index.html.erb within layouts/application (3.2ms)
Completed 200 OK in 74.5ms (Views: 53.6ms | ActiveRecord: 1.5ms)
Connecting to database specified by database.yml


Started GET "/users" for 127.0.0.1 at 2014-12-14 12:24:32 +0800
Processing by UsersController#index as HTML
Could not log "sql.active_record" event. NameError: uninitialized constant ActiveRecord::IGNORE_PAYLOAD_NAMES
Could not log "sql.active_record" event. NameError: uninitialized constant ActiveRecord::IGNORE_PAYLOAD_NAMES
Could not log "sql.active_record" event. NameError: uninitialized constant ActiveRecord::IGNORE_PAYLOAD_NAMES
Could not log "sql.active_record" event. NameError: uninitialized constant ActiveRecord::IGNORE_PAYLOAD_NAMES
  Rendered users/index.html.erb within layouts/application (4.1ms)
Completed 200 OK in 80.6ms (Views: 56.8ms | ActiveRecord: 1.7ms)
Connecting to database specified by database.yml


Started GET "/users" for 127.0.0.1 at 2014-12-14 12:25:06 +0800
Processing by UsersController#index as HTML
SCHEMA (1.8ms)
Could not log "sql.active_record" event. NameError: uninitialized constant ActiveRecord::CYAN
SCHEMA (0.2ms)
Could not log "sql.active_record" event. NameError: uninitialized constant ActiveRecord::MAGENTA
SCHEMA (0.1ms)
Could not log "sql.active_record" event. NameError: uninitialized constant ActiveRecord::CYAN
User Load (0.4ms)
Could not log "sql.active_record" event. NameError: uninitialized constant ActiveRecord::MAGENTA
  Rendered users/index.html.erb within layouts/application (4.8ms)
Completed 200 OK in 85.0ms (Views: 33.7ms | ActiveRecord: 2.4ms)
Connecting to database specified by database.yml


Started GET "/users" for 127.0.0.1 at 2014-12-14 12:25:47 +0800
Processing by UsersController#index as HTML
SCHEMA (1.1ms)
SCHEMA (0.1ms)
SCHEMA (0.1ms)
User Load (0.4ms)
  Rendered users/index.html.erb within layouts/application (3.3ms)
Completed 200 OK in 75.0ms (Views: 29.9ms | ActiveRecord: 1.8ms)


Started GET "/users/new" for 127.0.0.1 at 2014-12-14 12:26:10 +0800
Processing by UsersController#new as HTML
  Rendered users/_form.html.erb (12.2ms)
  Rendered users/new.html.erb within layouts/application (18.6ms)
Completed 200 OK in 23.3ms (Views: 22.7ms | ActiveRecord: 0.0ms)


Started POST "/users" for 127.0.0.1 at 2014-12-14 12:26:16 +0800
Processing by UsersController#create as HTML
  Parameters: {"utf8"=>"✓", "authenticity_token"=>"938H2adf2stZXAnsUu8Ys5qgh7cY5rP6iFDoQXokhkM=", "user"=>{"name"=>"bbb", "age"=>"33"}, "commit"=>"Create User"}
 (0.1ms)
SQL (7.5ms)
 (0.6ms)
Redirected to http://localhost:5000/users/4
Completed 302 Found in 14.5ms (ActiveRecord: 8.2ms)


Started GET "/users/4" for 127.0.0.1 at 2014-12-14 12:26:16 +0800
Processing by UsersController#show as HTML
  Parameters: {"id"=>"4"}
User Load (0.2ms)
  Rendered users/show.html.erb within layouts/application (1.1ms)
Completed 200 OK in 9.3ms (Views: 5.9ms | ActiveRecord: 0.2ms)
Connecting to database specified by database.yml


Started GET "/users/4" for 127.0.0.1 at 2014-12-14 12:39:56 +0800
Processing by UsersController#show as HTML
  Parameters: {"id"=>"4"}
 [1m[36mUser Load (0.5ms)[0m  [1mSELECT "users".* FROM "users" WHERE "users"."id" = ? LIMIT 1[0m  [["id", "4"]]
  Rendered users/show.html.erb within layouts/application (2.2ms)
Completed 200 OK in 81.1ms (Views: 31.7ms | ActiveRecord: 2.0ms)
Connecting to database specified by database.yml


Started GET "/users/4" for 127.0.0.1 at 2014-12-14 12:56:58 +0800
Processing by UsersController#show as HTML
  Parameters: {"id"=>"4"}
EXPLAIN for: SELECT  "users".* FROM "users"  WHERE "users"."id" = ? LIMIT 1 [["id", "4"]]
0|0|0|SEARCH TABLE users USING INTEGER PRIMARY KEY (rowid=?)

  Rendered users/show.html.erb within layouts/application (2.6ms)
Completed 200 OK in 88235.9ms (Views: 32.2ms | ActiveRecord: 2.4ms)
Connecting to database specified by database.yml


Started GET "/users/4" for 127.0.0.1 at 2014-12-14 12:59:50 +0800
Processing by UsersController#show as HTML
  Parameters: {"id"=>"4"}
Completed   in 242769.4ms
Connecting to database specified by database.yml


Started GET "/users/4" for 127.0.0.1 at 2014-12-14 13:04:11 +0800
Processing by UsersController#show as HTML
  Parameters: {"id"=>"4"}
 [1m[36mUser Load (0.4ms)[0m  [1mSELECT "users".* FROM "users" WHERE "users"."id" = ? LIMIT 1[0m  [["id", "4"]]
  Rendered users/show.html.erb within layouts/application (2.1ms)
Completed 200 OK in 81.7ms (Views: 59.0ms | ActiveRecord: 2.1ms)
Connecting to database specified by database.yml


Started GET "/users/4" for 127.0.0.1 at 2014-12-14 13:05:03 +0800
Processing by UsersController#show as HTML
  Parameters: {"id"=>"4"}
Could not log "sql.active_record" event. NameError: uninitialized constant MyLogSubscriber::IGNORE_PAYLOAD_NAMES
Could not log "sql.active_record" event. NameError: uninitialized constant MyLogSubscriber::IGNORE_PAYLOAD_NAMES
Could not log "sql.active_record" event. NameError: uninitialized constant MyLogSubscriber::IGNORE_PAYLOAD_NAMES
 [1m[36mUser Load (0.5ms)[0m  [1mSELECT "users".* FROM "users" WHERE "users"."id" = ? LIMIT 1[0m  [["id", "4"]]
Could not log "sql.active_record" event. NameError: uninitialized constant MyLogSubscriber::IGNORE_PAYLOAD_NAMES
  Rendered users/show.html.erb within layouts/application (3.0ms)
Completed 200 OK in 81.4ms (Views: 44.8ms | ActiveRecord: 2.3ms)
Connecting to database specified by database.yml


Started GET "/users/4" for 127.0.0.1 at 2014-12-14 13:06:02 +0800
Processing by UsersController#show as HTML
  Parameters: {"id"=>"4"}
Could not log "sql.active_record" event. NameError: uninitialized constant ActiveRecord::LogSubscriber::IGNORE_PAYLOAD_NAMES
Could not log "sql.active_record" event. NameError: uninitialized constant ActiveRecord::LogSubscriber::IGNORE_PAYLOAD_NAMES
Could not log "sql.active_record" event. NameError: uninitialized constant ActiveRecord::LogSubscriber::IGNORE_PAYLOAD_NAMES
 [1m[36mUser Load (0.4ms)[0m  [1mSELECT "users".* FROM "users" WHERE "users"."id" = ? LIMIT 1[0m  [["id", "4"]]
Could not log "sql.active_record" event. NameError: uninitialized constant ActiveRecord::LogSubscriber::IGNORE_PAYLOAD_NAMES
  Rendered users/show.html.erb within layouts/application (2.1ms)
Completed 200 OK in 82.1ms (Views: 30.4ms | ActiveRecord: 1.7ms)
Connecting to database specified by database.yml


Started GET "/users/4" for 127.0.0.1 at 2014-12-14 13:07:17 +0800
Processing by UsersController#show as HTML
  Parameters: {"id"=>"4"}
Could not log "sql.active_record" event. NoMethodError: undefined method `const_get?' for ActiveRecord::LogSubscriber:Class
Could not log "sql.active_record" event. NoMethodError: undefined method `const_get?' for ActiveRecord::LogSubscriber:Class
Could not log "sql.active_record" event. NoMethodError: undefined method `const_get?' for ActiveRecord::LogSubscriber:Class
 [1m[36mUser Load (0.5ms)[0m  [1mSELECT "users".* FROM "users" WHERE "users"."id" = ? LIMIT 1[0m  [["id", "4"]]
Could not log "sql.active_record" event. NoMethodError: undefined method `const_get?' for ActiveRecord::LogSubscriber:Class
  Rendered users/show.html.erb within layouts/application (8.6ms)
Completed 200 OK in 119.3ms (Views: 53.2ms | ActiveRecord: 3.3ms)
Connecting to database specified by database.yml


Started GET "/users/4" for 127.0.0.1 at 2014-12-14 13:07:39 +0800
Processing by UsersController#show as HTML
  Parameters: {"id"=>"4"}
Could not log "sql.active_record" event. NameError: uninitialized constant ActiveRecord::LogSubscriber::IGNORE_PAYLOAD_NAMES
Could not log "sql.active_record" event. NameError: uninitialized constant ActiveRecord::LogSubscriber::IGNORE_PAYLOAD_NAMES
Could not log "sql.active_record" event. NameError: uninitialized constant ActiveRecord::LogSubscriber::IGNORE_PAYLOAD_NAMES
 [1m[36mUser Load (0.5ms)[0m  [1mSELECT "users".* FROM "users" WHERE "users"."id" = ? LIMIT 1[0m  [["id", "4"]]
Could not log "sql.active_record" event. NameError: uninitialized constant ActiveRecord::LogSubscriber::IGNORE_PAYLOAD_NAMES
  Rendered users/show.html.erb within layouts/application (1.9ms)
Completed 200 OK in 78.6ms (Views: 25.9ms | ActiveRecord: 2.1ms)
Connecting to database specified by database.yml


Started GET "/users/4" for 127.0.0.1 at 2014-12-14 13:08:48 +0800
Processing by UsersController#show as HTML
  Parameters: {"id"=>"4"}
#<ActiveSupport::Notifications::Event:0x007ffb6146e308>
#<ActiveSupport::Notifications::Event:0x007ffb614845e0>
#<ActiveSupport::Notifications::Event:0x007ffb6149a9a8>
 [1m[36mUser Load (0.4ms)[0m  [1mSELECT "users".* FROM "users" WHERE "users"."id" = ? LIMIT 1[0m  [["id", "4"]]
#<ActiveSupport::Notifications::Event:0x007ffb614e96e8>
  Rendered users/show.html.erb within layouts/application (2.2ms)
Completed 200 OK in 76.7ms (Views: 29.6ms | ActiveRecord: 1.7ms)
Connecting to database specified by database.yml


Started GET "/users/4" for 127.0.0.1 at 2014-12-14 13:10:42 +0800
Processing by UsersController#show as HTML
  Parameters: {"id"=>"4"}
 [1m[36mUser Load (0.5ms)[0m  [1mSELECT "users".* FROM "users" WHERE "users"."id" = ? LIMIT 1[0m  [["id", "4"]]
Could not log "sql.active_record" event. NoMethodError: undefined method `render_bind' for #<MyLogSubscriber:0x007fb94e859210 @odd_or_even=false>
  Rendered users/show.html.erb within layouts/application (2.1ms)
Completed 200 OK in 79.9ms (Views: 29.6ms | ActiveRecord: 3.6ms)
Connecting to database specified by database.yml


Started GET "/users/4" for 127.0.0.1 at 2014-12-14 13:13:23 +0800
Processing by UsersController#show as HTML
  Parameters: {"id"=>"4"}
Could not log "sql.active_record" event. NameError: uninitialized constant ActiveRecord::LogSubscriber::IGNORE_PAYLOAD_NAMES
Could not log "sql.active_record" event. NameError: uninitialized constant ActiveRecord::LogSubscriber::IGNORE_PAYLOAD_NAMES
Could not log "sql.active_record" event. NameError: uninitialized constant ActiveRecord::LogSubscriber::IGNORE_PAYLOAD_NAMES
Could not log "sql.active_record" event. NameError: uninitialized constant ActiveRecord::LogSubscriber::IGNORE_PAYLOAD_NAMES
  Rendered users/show.html.erb within layouts/application (2.6ms)
Completed 200 OK in 84.8ms (Views: 29.9ms | ActiveRecord: 2.0ms)
Connecting to database specified by database.yml


Started GET "/users/4" for 127.0.0.1 at 2014-12-14 13:22:37 +0800
Processing by UsersController#show as HTML
  Parameters: {"id"=>"4"}
Could not log "sql.active_record" event. NoMethodError: undefined method `render_bind' for #<ActiveRecord::LogSubscriber:0x007fb7030fe8a0>
  Rendered users/show.html.erb within layouts/application (2.0ms)
Completed 200 OK in 77.7ms (Views: 30.3ms | ActiveRecord: 1.8ms)
Connecting to database specified by database.yml


Started GET "/users/4" for 127.0.0.1 at 2014-12-14 13:24:01 +0800
Processing by UsersController#show as HTML
  Parameters: {"id"=>"4"}
Could not log "sql.active_record" event. NameError: uninitialized constant ActiveRecord::CYAN
  Rendered users/show.html.erb within layouts/application (2.0ms)
Completed 200 OK in 79.6ms (Views: 29.8ms | ActiveRecord: 1.8ms)
Connecting to database specified by database.yml


Started GET "/users/4" for 127.0.0.1 at 2014-12-14 13:25:33 +0800
Processing by UsersController#show as HTML
  Parameters: {"id"=>"4"}
Could not log "sql.active_record" event. NameError: uninitialized constant ActiveRecord::CYAN
  Rendered users/show.html.erb within layouts/application (2.3ms)
Completed 200 OK in 80.4ms (Views: 30.1ms | ActiveRecord: 2.0ms)
Connecting to database specified by database.yml


Started GET "/users/4" for 127.0.0.1 at 2014-12-14 13:26:53 +0800
Processing by UsersController#show as HTML
  Parameters: {"id"=>"4"}
Could not log "sql.active_record" event. NameError: uninitialized constant ActiveRecord::CYAN
  Rendered users/show.html.erb within layouts/application (1.9ms)
Completed 200 OK in 77.6ms (Views: 28.9ms | ActiveRecord: 1.7ms)
Connecting to database specified by database.yml


Started GET "/users/4" for 127.0.0.1 at 2014-12-14 13:35:16 +0800
Processing by UsersController#show as HTML
  Parameters: {"id"=>"4"}
 [1m[36mUser Load (0.4ms)[0m  [1mSELECT "users".* FROM "users" WHERE "users"."id" = ? LIMIT 1[0m  [["id", "4"]]
  Rendered users/show.html.erb within layouts/application (1.7ms)
Completed 200 OK in 64.2ms (Views: 23.9ms | ActiveRecord: 1.5ms)
Connecting to database specified by database.yml


Started GET "/users/4" for 127.0.0.1 at 2014-12-14 13:36:12 +0800
Processing by UsersController#show as HTML
  Parameters: {"id"=>"4"}
 [1m[36mUser Load (0.4ms)[0m  [1mSELECT "users".* FROM "users" WHERE "users"."id" = ? LIMIT 1[0m  [["id", "4"]]
  Rendered users/show.html.erb within layouts/application (2.5ms)
Completed 200 OK in 80.0ms (Views: 31.7ms | ActiveRecord: 1.7ms)
Connecting to database specified by database.yml


Started GET "/users/4" for 127.0.0.1 at 2014-12-14 13:37:08 +0800
Processing by UsersController#show as HTML
  Parameters: {"id"=>"4"}
new:  User Load (0.4ms)  SELECT  "users".* FROM "users"  WHERE "users"."id" = ? LIMIT 1
  Rendered users/show.html.erb within layouts/application (2.6ms)
Completed 200 OK in 75.6ms (Views: 29.8ms | ActiveRecord: 1.7ms)
Connecting to database specified by database.yml


Started GET "/users/4" for 127.0.0.1 at 2014-12-14 13:50:09 +0800
Processing by UsersController#show as HTML
  Parameters: {"id"=>"4"}
  [31mUser Load (0.5ms)  SELECT  "users".* FROM "users"  WHERE "users"."id" = ? LIMIT 1[0m
  Rendered users/show.html.erb within layouts/application (2.1ms)
Completed 200 OK in 80.2ms (Views: 31.6ms | ActiveRecord: 2.5ms)
Connecting to database specified by database.yml


Started GET "/users/4" for 127.0.0.1 at 2014-12-14 13:50:47 +0800
Processing by UsersController#show as HTML
  Parameters: {"id"=>"4"}
  [35mUser Load (0.5ms)  SELECT  "users".* FROM "users"  WHERE "users"."id" = ? LIMIT 1[0m
  Rendered users/show.html.erb within layouts/application (2.3ms)
Completed 200 OK in 80.3ms (Views: 29.5ms | ActiveRecord: 2.2ms)
Connecting to database specified by database.yml


Started GET "/users/4" for 127.0.0.1 at 2014-12-14 13:56:59 +0800
Processing by UsersController#show as HTML
  Parameters: {"id"=>"4"}
  [22;41mUser Load (0.5ms)  SELECT  "users".* FROM "users"  WHERE "users"."id" = ? LIMIT 1[0m
  Rendered users/show.html.erb within layouts/application (2.2ms)
Completed 200 OK in 81.1ms (Views: 31.5ms | ActiveRecord: 1.9ms)
Connecting to database specified by database.yml


Started GET "/users/4" for 127.0.0.1 at 2014-12-14 14:03:19 +0800
Processing by UsersController#show as HTML
  Parameters: {"id"=>"4"}
 [1m[36mUser Load (0.4ms)[0m  [1mSELECT "users".* FROM "users" WHERE "users"."id" = ? LIMIT 1[0m  [["id", "4"]]
  Rendered users/show.html.erb within layouts/application (2.1ms)
Completed 200 OK in 80.9ms (Views: 29.9ms | ActiveRecord: 2.2ms)


Started GET "/users/4" for 127.0.0.1 at 2014-12-14 14:03:23 +0800
Processing by UsersController#show as HTML
  Parameters: {"id"=>"4"}
 [1m[35mUser Load (0.1ms)[0m  SELECT "users".* FROM "users" WHERE "users"."id" = ? LIMIT 1  [["id", "4"]]
  Rendered users/show.html.erb within layouts/application (0.6ms)
Completed 200 OK in 5.9ms (Views: 4.6ms | ActiveRecord: 0.2ms)


Started GET "/users/4" for 127.0.0.1 at 2014-12-14 14:03:24 +0800
Processing by UsersController#show as HTML
  Parameters: {"id"=>"4"}
 [1m[36mUser Load (0.1ms)[0m  [1mSELECT "users".* FROM "users" WHERE "users"."id" = ? LIMIT 1[0m  [["id", "4"]]
  Rendered users/show.html.erb within layouts/application (0.4ms)
Completed 200 OK in 4.1ms (Views: 3.4ms | ActiveRecord: 0.2ms)


Started GET "/users" for 127.0.0.1 at 2014-12-14 14:03:28 +0800
Processing by UsersController#index as HTML
 [1m[35mUser Load (0.2ms)[0m  SELECT "users".* FROM "users" 
  Rendered users/index.html.erb within layouts/application (7.1ms)
Completed 200 OK in 17.2ms (Views: 15.5ms | ActiveRecord: 0.4ms)


Started GET "/users/3/edit" for 127.0.0.1 at 2014-12-14 14:03:30 +0800
Processing by UsersController#edit as HTML
  Parameters: {"id"=>"3"}
 [1m[36mUser Load (0.1ms)[0m  [1mSELECT "users".* FROM "users" WHERE "users"."id" = ? LIMIT 1[0m  [["id", "3"]]
  Rendered users/_form.html.erb (13.9ms)
  Rendered users/edit.html.erb within layouts/application (17.3ms)
Completed 200 OK in 22.3ms (Views: 21.1ms | ActiveRecord: 0.2ms)


Started PUT "/users/3" for 127.0.0.1 at 2014-12-14 14:03:37 +0800
Processing by UsersController#update as HTML
  Parameters: {"utf8"=>"✓", "authenticity_token"=>"938H2adf2stZXAnsUu8Ys5qgh7cY5rP6iFDoQXokhkM=", "user"=>{"name"=>"aaaa", "age"=>"2221111222"}, "commit"=>"Update User", "id"=>"3"}
 [1m[35mUser Load (0.2ms)[0m  SELECT "users".* FROM "users" WHERE "users"."id" = ? LIMIT 1  [["id", "3"]]
 [1m[36m (0.1ms)[0m  [1mbegin transaction[0m
  [22;41m (0.7ms)  UPDATE "users" SET "age" = 2221111222, "updated_at" = '2014-12-14 06:03:37.231146' WHERE "users"."id" = 3[0m
 [1m[35m (0.8ms)[0m  commit transaction
Redirected to http://localhost:5000/users/3
Completed 302 Found in 20.4ms (ActiveRecord: 2.8ms)


Started GET "/users/3" for 127.0.0.1 at 2014-12-14 14:03:37 +0800
Processing by UsersController#show as HTML
  Parameters: {"id"=>"3"}
 [1m[36mUser Load (0.3ms)[0m  [1mSELECT "users".* FROM "users" WHERE "users"."id" = ? LIMIT 1[0m  [["id", "3"]]
  Rendered users/show.html.erb within layouts/application (1.6ms)
Completed 200 OK in 9.8ms (Views: 6.7ms | ActiveRecord: 0.5ms)


Started GET "/users" for 127.0.0.1 at 2014-12-14 14:03:48 +0800
Processing by UsersController#index as HTML
 [1m[35mUser Load (0.1ms)[0m  SELECT "users".* FROM "users" 
  Rendered users/index.html.erb within layouts/application (1.8ms)
Completed 200 OK in 6.3ms (Views: 5.5ms | ActiveRecord: 0.3ms)


Started GET "/users/new" for 127.0.0.1 at 2014-12-14 14:03:49 +0800
Processing by UsersController#new as HTML
  Rendered users/_form.html.erb (1.9ms)
  Rendered users/new.html.erb within layouts/application (3.4ms)
Completed 200 OK in 8.0ms (Views: 7.5ms | ActiveRecord: 0.0ms)


Started POST "/users" for 127.0.0.1 at 2014-12-14 14:03:53 +0800
Processing by UsersController#create as HTML
  Parameters: {"utf8"=>"✓", "authenticity_token"=>"938H2adf2stZXAnsUu8Ys5qgh7cY5rP6iFDoQXokhkM=", "user"=>{"name"=>"3333", "age"=>"32323"}, "commit"=>"Create User"}
 [1m[36m (0.1ms)[0m  [1mbegin transaction[0m
  [22;41mSQL (0.9ms)  INSERT INTO "users" ("age", "created_at", "name", "updated_at") VALUES (?, ?, ?, ?)[0m
 [1m[35m (0.7ms)[0m  commit transaction
Redirected to http://localhost:5000/users/5
Completed 302 Found in 5.3ms (ActiveRecord: 2.5ms)


Started GET "/users/5" for 127.0.0.1 at 2014-12-14 14:03:53 +0800
Processing by UsersController#show as HTML
  Parameters: {"id"=>"5"}
 [1m[36mUser Load (0.1ms)[0m  [1mSELECT "users".* FROM "users" WHERE "users"."id" = ? LIMIT 1[0m  [["id", "5"]]
  Rendered users/show.html.erb within layouts/application (0.5ms)
Completed 200 OK in 5.8ms (Views: 4.7ms | ActiveRecord: 0.2ms)
Connecting to database specified by database.yml


Started GET "/users/5" for 127.0.0.1 at 2014-12-14 14:05:23 +0800
Processing by UsersController#show as HTML
  Parameters: {"id"=>"5"}
 [1m[36mUser Load (0.2ms)[0m  [1mSELECT "users".* FROM "users" WHERE "users"."id" = ? LIMIT 1[0m  [["id", "5"]]
  Rendered users/show.html.erb within layouts/application (2.6ms)
Completed 200 OK in 78.2ms (Views: 55.5ms | ActiveRecord: 1.6ms)


Started GET "/users" for 127.0.0.1 at 2014-12-14 14:05:27 +0800
Processing by UsersController#index as HTML
 [1m[35mUser Load (0.1ms)[0m  SELECT "users".* FROM "users" 
  Rendered users/index.html.erb within layouts/application (3.6ms)
Completed 200 OK in 9.1ms (Views: 8.0ms | ActiveRecord: 0.3ms)


Started GET "/users/new" for 127.0.0.1 at 2014-12-14 14:05:28 +0800
Processing by UsersController#new as HTML
  Rendered users/_form.html.erb (42.9ms)
  Rendered users/new.html.erb within layouts/application (46.5ms)
Completed 200 OK in 51.4ms (Views: 50.9ms | ActiveRecord: 0.0ms)


Started POST "/users" for 127.0.0.1 at 2014-12-14 14:05:34 +0800
Processing by UsersController#create as HTML
  Parameters: {"utf8"=>"✓", "authenticity_token"=>"938H2adf2stZXAnsUu8Ys5qgh7cY5rP6iFDoQXokhkM=", "user"=>{"name"=>"eee", "age"=>"323"}, "commit"=>"Create User"}
 [1m[36m (0.1ms)[0m  [1mbegin transaction[0m
  [1m[22;41mSQL (6.8ms)  INSERT INTO "users" ("age", "created_at", "name", "updated_at") VALUES (?, ?, ?, ?)[0m
 [1m[35m (0.6ms)[0m  commit transaction
Redirected to http://localhost:5000/users/6
Completed 302 Found in 14.2ms (ActiveRecord: 8.2ms)


Started GET "/users/6" for 127.0.0.1 at 2014-12-14 14:05:34 +0800
Processing by UsersController#show as HTML
  Parameters: {"id"=>"6"}
 [1m[36mUser Load (0.1ms)[0m  [1mSELECT "users".* FROM "users" WHERE "users"."id" = ? LIMIT 1[0m  [["id", "6"]]
  Rendered users/show.html.erb within layouts/application (0.4ms)
Completed 200 OK in 4.1ms (Views: 3.2ms | ActiveRecord: 0.2ms)
Connecting to database specified by database.yml


Started GET "/users" for 127.0.0.1 at 2014-12-14 14:06:38 +0800
Processing by UsersController#index as HTML
 [1m[36mUser Load (0.1ms)[0m  [1mSELECT "users".* FROM "users" [0m
  Rendered users/index.html.erb within layouts/application (4.7ms)
Completed 200 OK in 86.3ms (Views: 35.7ms | ActiveRecord: 1.5ms)


Started GET "/users/2/edit" for 127.0.0.1 at 2014-12-14 14:06:39 +0800
Processing by UsersController#edit as HTML
  Parameters: {"id"=>"2"}
 [1m[35mUser Load (0.2ms)[0m  SELECT "users".* FROM "users" WHERE "users"."id" = ? LIMIT 1  [["id", "2"]]
  Rendered users/_form.html.erb (37.4ms)
  Rendered users/edit.html.erb within layouts/application (41.4ms)
Completed 200 OK in 48.0ms (Views: 46.2ms | ActiveRecord: 0.4ms)


Started PUT "/users/2" for 127.0.0.1 at 2014-12-14 14:06:42 +0800
Processing by UsersController#update as HTML
  Parameters: {"utf8"=>"✓", "authenticity_token"=>"938H2adf2stZXAnsUu8Ys5qgh7cY5rP6iFDoQXokhkM=", "user"=>{"name"=>"aaaa", "age"=>"133"}, "commit"=>"Update User", "id"=>"2"}
 [1m[36mUser Load (0.1ms)[0m  [1mSELECT "users".* FROM "users" WHERE "users"."id" = ? LIMIT 1[0m  [["id", "2"]]
 [1m[35m (0.1ms)[0m  begin transaction
 [1m[36m (0.6ms)[0m  [1mUPDATE "users" SET "age" = 133, "updated_at" = '2014-12-14 06:06:42.776088' WHERE "users"."id" = 2[0m
  [1m[22;41m (0.6ms)  UPDATE "users" SET "age" = 133, "updated_at" = '2014-12-14 06:06:42.776088' WHERE "users"."id" = 2[0m
 [1m[35m (0.9ms)[0m  commit transaction
Redirected to http://localhost:5000/users/2
Completed 302 Found in 14.6ms (ActiveRecord: 3.3ms)


Started GET "/users/2" for 127.0.0.1 at 2014-12-14 14:06:42 +0800
Processing by UsersController#show as HTML
  Parameters: {"id"=>"2"}
 [1m[36mUser Load (0.1ms)[0m  [1mSELECT "users".* FROM "users" WHERE "users"."id" = ? LIMIT 1[0m  [["id", "2"]]
  Rendered users/show.html.erb within layouts/application (1.0ms)
Completed 200 OK in 6.0ms (Views: 4.5ms | ActiveRecord: 0.3ms)


Started GET "/users" for 127.0.0.1 at 2014-12-14 14:06:48 +0800
Processing by UsersController#index as HTML
 [1m[35mUser Load (0.2ms)[0m  SELECT "users".* FROM "users" 
  Rendered users/index.html.erb within layouts/application (4.3ms)
Completed 200 OK in 12.3ms (Views: 10.1ms | ActiveRecord: 0.3ms)


Started GET "/users/new" for 127.0.0.1 at 2014-12-14 14:06:49 +0800
Processing by UsersController#new as HTML
  Rendered users/_form.html.erb (7.4ms)
  Rendered users/new.html.erb within layouts/application (9.9ms)
Completed 200 OK in 15.4ms (Views: 14.8ms | ActiveRecord: 0.0ms)


Started POST "/users" for 127.0.0.1 at 2014-12-14 14:06:53 +0800
Processing by UsersController#create as HTML
  Parameters: {"utf8"=>"✓", "authenticity_token"=>"938H2adf2stZXAnsUu8Ys5qgh7cY5rP6iFDoQXokhkM=", "user"=>{"name"=>"3232", "age"=>"33"}, "commit"=>"Create User"}
 [1m[36m (0.1ms)[0m  [1mbegin transaction[0m
 [1m[35mSQL (1.3ms)[0m  INSERT INTO "users" ("age", "created_at", "name", "updated_at") VALUES (?, ?, ?, ?)  [["age", 33], ["created_at", Sun, 14 Dec 2014 06:06:53 UTC +00:00], ["name", "3232"], ["updated_at", Sun, 14 Dec 2014 06:06:53 UTC +00:00]]
  [1m[22;41mSQL (1.3ms)  INSERT INTO "users" ("age", "created_at", "name", "updated_at") VALUES (?, ?, ?, ?)[0m
 [1m[36m (0.9ms)[0m  [1mcommit transaction[0m
Redirected to http://localhost:5000/users/7
Completed 302 Found in 9.9ms (ActiveRecord: 4.5ms)


Started GET "/users/7" for 127.0.0.1 at 2014-12-14 14:06:53 +0800
Processing by UsersController#show as HTML
  Parameters: {"id"=>"7"}
 [1m[35mUser Load (0.1ms)[0m  SELECT "users".* FROM "users" WHERE "users"."id" = ? LIMIT 1  [["id", "7"]]
  Rendered users/show.html.erb within layouts/application (0.5ms)
Completed 200 OK in 7.5ms (Views: 6.6ms | ActiveRecord: 0.2ms)


Started GET "/users/7" for 127.0.0.1 at 2014-12-14 14:07:38 +0800
Processing by UsersController#show as HTML
  Parameters: {"id"=>"7"}
 [1m[36mUser Load (0.1ms)[0m  [1mSELECT "users".* FROM "users" WHERE "users"."id" = ? LIMIT 1[0m  [["id", "7"]]
  Rendered users/show.html.erb within layouts/application (0.5ms)
Completed 200 OK in 6.2ms (Views: 5.5ms | ActiveRecord: 0.2ms)


Started GET "/users/7" for 127.0.0.1 at 2014-12-14 14:17:35 +0800
Connecting to database specified by database.yml
Processing by UsersController#show as HTML
  Parameters: {"id"=>"7"}
 [1m[36mUser Load (0.6ms)[0m  [1mSELECT "users".* FROM "users" WHERE "users"."id" = ? LIMIT 1[0m  [["id", "7"]]
  Rendered users/show.html.erb within layouts/application (4.8ms)
Completed 200 OK in 106.2ms (Views: 71.5ms | ActiveRecord: 2.8ms)


Started GET "/users" for 127.0.0.1 at 2014-12-14 14:17:39 +0800
Processing by UsersController#index as HTML
 [1m[35mUser Load (0.2ms)[0m  SELECT "users".* FROM "users" 
  Rendered users/index.html.erb within layouts/application (7.9ms)
Completed 200 OK in 15.9ms (Views: 14.3ms | ActiveRecord: 0.4ms)


Started GET "/users/6/edit" for 127.0.0.1 at 2014-12-14 14:17:40 +0800
Processing by UsersController#edit as HTML
  Parameters: {"id"=>"6"}
 [1m[36mUser Load (0.1ms)[0m  [1mSELECT "users".* FROM "users" WHERE "users"."id" = ? LIMIT 1[0m  [["id", "6"]]
  Rendered users/_form.html.erb (51.3ms)
  Rendered users/edit.html.erb within layouts/application (55.4ms)
Completed 200 OK in 60.8ms (Views: 59.7ms | ActiveRecord: 0.2ms)


Started PUT "/users/6" for 127.0.0.1 at 2014-12-14 14:17:43 +0800
Processing by UsersController#update as HTML
  Parameters: {"utf8"=>"✓", "authenticity_token"=>"938H2adf2stZXAnsUu8Ys5qgh7cY5rP6iFDoQXokhkM=", "user"=>{"name"=>"eee222", "age"=>"323"}, "commit"=>"Update User", "id"=>"6"}
 [1m[35mUser Load (0.3ms)[0m  SELECT "users".* FROM "users" WHERE "users"."id" = ? LIMIT 1  [["id", "6"]]
 [1m[36m (0.1ms)[0m  [1mbegin transaction[0m
 [1m[35m (0.6ms)[0m  UPDATE "users" SET "name" = 'eee222', "updated_at" = '2014-12-14 06:17:43.145645' WHERE "users"."id" = 6
  [1m[22;41m (0.6ms)  UPDATE "users" SET "name" = 'eee222', "updated_at" = '2014-12-14 06:17:43.145645' WHERE "users"."id" = 6[0m
 [1m[36m (2.7ms)[0m  [1mcommit transaction[0m
Redirected to http://localhost:5000/users/6
Completed 302 Found in 27.7ms (ActiveRecord: 7.4ms)


Started GET "/users/6" for 127.0.0.1 at 2014-12-14 14:17:43 +0800
Processing by UsersController#show as HTML
  Parameters: {"id"=>"6"}
 [1m[35mUser Load (0.6ms)[0m  SELECT "users".* FROM "users" WHERE "users"."id" = ? LIMIT 1  [["id", "6"]]
  Rendered users/show.html.erb within layouts/application (0.8ms)
Completed 200 OK in 15.2ms (Views: 13.1ms | ActiveRecord: 1.3ms)


Started GET "/users/6" for 127.0.0.1 at 2014-12-14 14:46:35 +0800
Connecting to database specified by database.yml
Processing by UsersController#show as HTML
  Parameters: {"id"=>"6"}
 [1m[36mUser Load (0.5ms)[0m  [1mSELECT "users".* FROM "users" WHERE "users"."id" = ? LIMIT 1[0m  [["id", "6"]]
  Rendered users/show.html.erb within layouts/application (2.7ms)
Completed 200 OK in 78.2ms (Views: 33.3ms | ActiveRecord: 3.3ms)


Started GET "/users/6" for 127.0.0.1 at 2014-12-14 14:46:36 +0800
Processing by UsersController#show as HTML
  Parameters: {"id"=>"6"}
 [1m[35mUser Load (0.1ms)[0m  SELECT "users".* FROM "users" WHERE "users"."id" = ? LIMIT 1  [["id", "6"]]
  Rendered users/show.html.erb within layouts/application (0.5ms)
Completed 200 OK in 5.9ms (Views: 4.9ms | ActiveRecord: 0.2ms)


Started GET "/users" for 127.0.0.1 at 2014-12-14 14:46:40 +0800
Processing by UsersController#index as HTML
 [1m[36mUser Load (0.2ms)[0m  [1mSELECT "users".* FROM "users" [0m
  Rendered users/index.html.erb within layouts/application (7.2ms)
Completed 200 OK in 17.9ms (Views: 16.5ms | ActiveRecord: 0.3ms)


Started GET "/users/3/edit" for 127.0.0.1 at 2014-12-14 14:46:41 +0800
Processing by UsersController#edit as HTML
  Parameters: {"id"=>"3"}
 [1m[35mUser Load (0.2ms)[0m  SELECT "users".* FROM "users" WHERE "users"."id" = ? LIMIT 1  [["id", "3"]]
  Rendered users/_form.html.erb (12.7ms)
  Rendered users/edit.html.erb within layouts/application (19.2ms)
Completed 200 OK in 30.5ms (Views: 26.4ms | ActiveRecord: 0.4ms)


Started PUT "/users/3" for 127.0.0.1 at 2014-12-14 14:46:44 +0800
Processing by UsersController#update as HTML
  Parameters: {"utf8"=>"✓", "authenticity_token"=>"938H2adf2stZXAnsUu8Ys5qgh7cY5rP6iFDoQXokhkM=", "user"=>{"name"=>"aaaa22", "age"=>"2221111222"}, "commit"=>"Update User", "id"=>"3"}
 [1m[36mUser Load (0.1ms)[0m  [1mSELECT "users".* FROM "users" WHERE "users"."id" = ? LIMIT 1[0m  [["id", "3"]]
 [1m[35m (0.1ms)[0m  begin transaction
  [1m[22;41m (0.6ms)  UPDATE "users" SET "name" = 'aaaa22', "updated_at" = '2014-12-14 06:46:44.017088' WHERE "users"."id" = 3[0m
 [1m[36m (0.9ms)[0m  [1mcommit transaction[0m
Redirected to http://localhost:5000/users/3
Completed 302 Found in 14.9ms (ActiveRecord: 2.8ms)


Started GET "/users/3" for 127.0.0.1 at 2014-12-14 14:46:44 +0800
Processing by UsersController#show as HTML
  Parameters: {"id"=>"3"}
 [1m[35mUser Load (0.1ms)[0m  SELECT "users".* FROM "users" WHERE "users"."id" = ? LIMIT 1  [["id", "3"]]
  Rendered users/show.html.erb within layouts/application (0.4ms)
Completed 200 OK in 5.5ms (Views: 4.4ms | ActiveRecord: 0.2ms)
